<?xml version="1.0" encoding="UTF-8"?>
<!-- Generated by org.testng.reporters.JUnitReportReporter -->
<testsuite hostname="DLLB0015" name="com.cengage.automation.BasicSmoke.tests.Basic_Chemistry_SmokeTest" tests="21" failures="8" timestamp="20 Jan 2014 08:50:22 GMT" time="134.365" errors="0">
  <testcase name="startAndSubmitTutoredActivity" time="25.526" classname="com.cengage.automation.BasicSmoke.tests.Basic_Chemistry_SmokeTest"/>
  <testcase name="AttemptingMasteryActivity" time="1.751" classname="com.cengage.automation.BasicSmoke.tests.Basic_Chemistry_SmokeTest"/>
  <testcase name="verifyStartActiviyandSubmit" time="9.559" classname="com.cengage.automation.BasicSmoke.tests.Basic_Chemistry_SmokeTest"/>
  <testcase name="verifyAllAppsButtonDisplays" time="0.131" classname="com.cengage.automation.BasicSmoke.tests.Basic_Chemistry_SmokeTest"/>
  <testcase name="logOutFromApplication" time="0.000" classname="com.cengage.automation.BasicSmoke.tests.Basic_Chemistry_SmokeTest"/>
  <testcase name="startAndSubmitReviewandChallengeActivity" time="0.000" classname="com.cengage.automation.BasicSmoke.tests.Basic_Chemistry_SmokeTest"/>
  <testcase name="verifyStatusdisplayAsCompletedForMasteryActivity" time="0.000" classname="com.cengage.automation.BasicSmoke.tests.Basic_Chemistry_SmokeTest"/>
  <testcase name="AttemptingStudyGuide" time="0.000" classname="com.cengage.automation.BasicSmoke.tests.Basic_Chemistry_SmokeTest"/>
  <testcase name="verifyNumberOfWeekEqualswithWeekavailableinWeekSlider" time="0.497" classname="com.cengage.automation.BasicSmoke.tests.Basic_Chemistry_SmokeTest"/>
  <testcase name="startAndSubmitMasteryActivity" time="1.207" classname="com.cengage.automation.BasicSmoke.tests.Basic_Chemistry_SmokeTest">
    <failure type="org.openqa.selenium.UnhandledAlertException" message="Modal dialog present: java.lang.NullPointerException
Build info: version: &#039;2.36.0&#039;, revision: &#039;9b50f805d0a53506a5ee6a55be8669f106d8d34e&#039;, time: &#039;2013-10-17 11:09:21&#039;
System info: host: &#039;DLLB0015&#039;, ip: &#039;172.16.2.218&#039;, os.name: &#039;Windows 7&#039;, os.arch: &#039;x86&#039;, os.version: &#039;6.1&#039;, java.version: &#039;1.6.0_43&#039;
Session ID: bae014ac-e5f1-48a9-8bfb-a5960610574b
Driver info: org.openqa.selenium.firefox.FirefoxDriver
Capabilities [{platform=XP, acceptSslCerts=true, javascriptEnabled=true, browserName=firefox, rotatable=false, locationContextEnabled=true, version=26.0, cssSelectorsEnabled=true, databaseEnabled=true, handlesAlerts=true, browserConnectionEnabled=true, nativeEvents=true, webStorageEnabled=true, applicationCacheEnabled=true, takesScreenshot=true}]">
      <![CDATA[org.openqa.selenium.UnhandledAlertException: Modal dialog present: java.lang.NullPointerException
Build info: version: '2.36.0', revision: '9b50f805d0a53506a5ee6a55be8669f106d8d34e', time: '2013-10-17 11:09:21'
System info: host: 'DLLB0015', ip: '172.16.2.218', os.name: 'Windows 7', os.arch: 'x86', os.version: '6.1', java.version: '1.6.0_43'
Session ID: bae014ac-e5f1-48a9-8bfb-a5960610574b
Driver info: org.openqa.selenium.firefox.FirefoxDriver
Capabilities [{platform=XP, acceptSslCerts=true, javascriptEnabled=true, browserName=firefox, rotatable=false, locationContextEnabled=true, version=26.0, cssSelectorsEnabled=true, databaseEnabled=true, handlesAlerts=true, browserConnectionEnabled=true, nativeEvents=true, webStorageEnabled=true, applicationCacheEnabled=true, takesScreenshot=true}]
	at sun.reflect.NativeConstructorAccessorImpl.newInstance0(Native Method)
	at sun.reflect.NativeConstructorAccessorImpl.newInstance(Unknown Source)
	at sun.reflect.DelegatingConstructorAccessorImpl.newInstance(Unknown Source)
	at java.lang.reflect.Constructor.newInstance(Unknown Source)
	at org.openqa.selenium.remote.ErrorHandler.createThrowable(ErrorHandler.java:193)
	at org.openqa.selenium.remote.ErrorHandler.createUnhandledAlertException(ErrorHandler.java:174)
	at org.openqa.selenium.remote.ErrorHandler.throwIfResponseFailed(ErrorHandler.java:141)
	at org.openqa.selenium.remote.RemoteWebDriver.execute(RemoteWebDriver.java:554)
	at org.openqa.selenium.remote.RemoteWebDriver.findElement(RemoteWebDriver.java:307)
	at org.openqa.selenium.remote.RemoteWebDriver.findElementById(RemoteWebDriver.java:348)
	at org.openqa.selenium.By$ById.findElement(By.java:220)
	at org.openqa.selenium.remote.RemoteWebDriver.findElement(RemoteWebDriver.java:299)
	at org.openqa.selenium.support.pagefactory.DefaultElementLocator.findElement(DefaultElementLocator.java:59)
	at org.openqa.selenium.support.pagefactory.internal.LocatingElementHandler.invoke(LocatingElementHandler.java:34)
	at com.sun.proxy.$Proxy9.isDisplayed(Unknown Source)
	at com.cengage.automation.chemistry.keywords.StartSubmitLogOutActions.clickOnStartActivity(StartSubmitLogOutActions.java:22)
	at com.cengage.automation.chemistry.keywords.StartSubmitLogOutActions.startSubmitMasterActions(StartSubmitLogOutActions.java:90)
	at com.cengage.automation.BasicSmoke.tests.Basic_Chemistry_SmokeTest.startAndSubmitMasteryActivity(Basic_Chemistry_SmokeTest.java:106)
	at sun.reflect.NativeMethodAccessorImpl.invoke0(Native Method)
	at sun.reflect.NativeMethodAccessorImpl.invoke(Unknown Source)
	at sun.reflect.DelegatingMethodAccessorImpl.invoke(Unknown Source)
	at java.lang.reflect.Method.invoke(Unknown Source)
	at org.testng.internal.MethodInvocationHelper.invokeMethod(MethodInvocationHelper.java:80)
	at org.testng.internal.Invoker.invokeMethod(Invoker.java:714)
	at org.testng.internal.Invoker.invokeTestMethod(Invoker.java:901)
	at org.testng.internal.Invoker.invokeTestMethods(Invoker.java:1231)
	at org.testng.internal.TestMethodWorker.invokeTestMethods(TestMethodWorker.java:127)
	at org.testng.internal.TestMethodWorker.run(TestMethodWorker.java:111)
	at org.testng.TestRunner.privateRun(TestRunner.java:767)
	at org.testng.TestRunner.run(TestRunner.java:617)
	at org.testng.SuiteRunner.runTest(SuiteRunner.java:334)
	at org.testng.SuiteRunner.runSequentially(SuiteRunner.java:329)
	at org.testng.SuiteRunner.privateRun(SuiteRunner.java:291)
	at org.testng.SuiteRunner.run(SuiteRunner.java:240)
	at org.testng.SuiteRunnerWorker.runSuite(SuiteRunnerWorker.java:52)
	at org.testng.SuiteRunnerWorker.run(SuiteRunnerWorker.java:86)
	at org.testng.TestNG.runSuitesSequentially(TestNG.java:1197)
	at org.testng.TestNG.runSuitesLocally(TestNG.java:1122)
	at org.testng.TestNG.run(TestNG.java:1030)
	at org.testng.remote.RemoteTestNG.run(RemoteTestNG.java:111)
	at org.testng.remote.RemoteTestNG.initAndRun(RemoteTestNG.java:204)
	at org.testng.remote.RemoteTestNG.main(RemoteTestNG.java:175)
]]>
    </failure>
  </testcase> <!-- startAndSubmitMasteryActivity -->
  <testcase name="AttemptingReviewandChallengeActivity" time="0.000" classname="com.cengage.automation.BasicSmoke.tests.Basic_Chemistry_SmokeTest"/>
  <testcase name="AttemptingTutoredActivity" time="2.335" classname="com.cengage.automation.BasicSmoke.tests.Basic_Chemistry_SmokeTest"/>
  <testcase name="OpenIntroductionandQuickPrepActivity" time="1.381" classname="com.cengage.automation.BasicSmoke.tests.Basic_Chemistry_SmokeTest"/>
  <testcase name="ActionsOnWeekWidgetView" time="15.798" classname="com.cengage.automation.BasicSmoke.tests.Basic_Chemistry_SmokeTest"/>
  <testcase name="performOperationsOnHomePage" time="30.903" classname="com.cengage.automation.BasicSmoke.tests.Basic_Chemistry_SmokeTest"/>
  <testcase name="loginToTheSSOFrontDoor" time="11.254" classname="com.cengage.automation.BasicSmoke.tests.Basic_Chemistry_SmokeTest"/>
  <testcase name="startAndSubmitStudyGuide" time="0.000" classname="com.cengage.automation.BasicSmoke.tests.Basic_Chemistry_SmokeTest"/>
  <testcase name="verifyStatusdisplayAsCompletedForTutoredActivity" time="8.600" classname="com.cengage.automation.BasicSmoke.tests.Basic_Chemistry_SmokeTest"/>
  <testcase name="verifyIntroductionandQuickPrepActivityStatusAsCompleted" time="8.143" classname="com.cengage.automation.BasicSmoke.tests.Basic_Chemistry_SmokeTest"/>
  <testcase name="verifyStatusdisplayAsCompletedForReviewandChallengeActivity" time="0.000" classname="com.cengage.automation.BasicSmoke.tests.Basic_Chemistry_SmokeTest"/>
  <testcase name="clickOnAppsAndVerifyAllOpen" time="17.280" classname="com.cengage.automation.BasicSmoke.tests.Basic_Chemistry_SmokeTest"/>
</testsuite> <!-- com.cengage.automation.BasicSmoke.tests.Basic_Chemistry_SmokeTest -->
