<?xml version="1.0" encoding="UTF-8"?>
<!-- Generated by org.testng.reporters.JUnitXMLReporter -->
<testsuite hostname="HPDB0148" name="Command line test 7b28a941-1601-4e40-9a82-796974d9f765" tests="1" failures="1" timestamp="17 Dec 2013 11:30:54 GMT" time="46.624" errors="0">
  <testcase name="loginToTheSSOFrontDoor" time="41.588" classname="com.qait.launchpad.automation.tests.LoginTest">
    <failure type="org.openqa.selenium.NoSuchElementException" message="Unable to locate element: {&amp;quot;method&amp;quot;:&amp;quot;id&amp;quot;,&amp;quot;selector&amp;quot;:&amp;quot;submit&amp;quot;}
Command duration or timeout: 30.05 seconds
For documentation on this error, please visit: http://seleniumhq.org/exceptions/no_such_element.html
Build info: version: &amp;apos;2.36.0&amp;apos;, revision: &amp;apos;9b50f805d0a53506a5ee6a55be8669f106d8d34e&amp;apos;, time: &amp;apos;2013-10-17 11:09:21&amp;apos;
System info: host: &amp;apos;HPDB0148&amp;apos;, ip: &amp;apos;172.16.8.168&amp;apos;, os.name: &amp;apos;Windows 7&amp;apos;, os.arch: &amp;apos;amd64&amp;apos;, os.version: &amp;apos;6.1&amp;apos;, java.version: &amp;apos;1.7.0_25&amp;apos;
Session ID: 40af22dd-f217-442b-a970-116298154f91
Driver info: org.openqa.selenium.firefox.FirefoxDriver
Capabilities [{platform=XP, databaseEnabled=true, cssSelectorsEnabled=true, javascriptEnabled=true, acceptSslCerts=true, handlesAlerts=true, browserName=firefox, browserConnectionEnabled=true, nativeEvents=true, webStorageEnabled=true, rotatable=false, locationContextEnabled=true, applicationCacheEnabled=true, takesScreenshot=true, version=25.0.1}]">
      <![CDATA[org.openqa.selenium.NoSuchElementException: Unable to locate element: {"method":"id","selector":"submit"}
Command duration or timeout: 30.05 seconds
For documentation on this error, please visit: http://seleniumhq.org/exceptions/no_such_element.html
Build info: version: '2.36.0', revision: '9b50f805d0a53506a5ee6a55be8669f106d8d34e', time: '2013-10-17 11:09:21'
System info: host: 'HPDB0148', ip: '172.16.8.168', os.name: 'Windows 7', os.arch: 'amd64', os.version: '6.1', java.version: '1.7.0_25'
Session ID: 40af22dd-f217-442b-a970-116298154f91
Driver info: org.openqa.selenium.firefox.FirefoxDriver
Capabilities [{platform=XP, databaseEnabled=true, cssSelectorsEnabled=true, javascriptEnabled=true, acceptSslCerts=true, handlesAlerts=true, browserName=firefox, browserConnectionEnabled=true, nativeEvents=true, webStorageEnabled=true, rotatable=false, locationContextEnabled=true, applicationCacheEnabled=true, takesScreenshot=true, version=25.0.1}]
	at org.openqa.selenium.remote.ErrorHandler.createThrowable(ErrorHandler.java:193)
	at org.openqa.selenium.remote.ErrorHandler.throwIfResponseFailed(ErrorHandler.java:145)
	at org.openqa.selenium.remote.RemoteWebDriver.execute(RemoteWebDriver.java:554)
	at org.openqa.selenium.remote.RemoteWebDriver.findElement(RemoteWebDriver.java:307)
	at org.openqa.selenium.remote.RemoteWebDriver.findElementById(RemoteWebDriver.java:348)
	at org.openqa.selenium.By$ById.findElement(By.java:220)
	at org.openqa.selenium.remote.RemoteWebDriver.findElement(RemoteWebDriver.java:299)
	at org.openqa.selenium.support.pagefactory.DefaultElementLocator.findElement(DefaultElementLocator.java:59)
	at org.openqa.selenium.support.pagefactory.internal.LocatingElementHandler.invoke(LocatingElementHandler.java:34)
	at com.sun.proxy.$Proxy7.click(Unknown Source)
	at com.qait.launchpad.automation.keywords.LoginPageActions.loginToTheApplication(LoginPageActions.java:39)
	at com.qait.launchpad.automation.tests.LoginTest.loginToTheSSOFrontDoor(LoginTest.java:34)
Caused by: org.openqa.selenium.remote.ErrorHandler$UnknownServerException: Unable to locate element: {"method":"id","selector":"submit"}
Build info: version: '2.36.0', revision: '9b50f805d0a53506a5ee6a55be8669f106d8d34e', time: '2013-10-17 11:09:21'
System info: host: 'HPDB0148', ip: '172.16.8.168', os.name: 'Windows 7', os.arch: 'amd64', os.version: '6.1', java.version: '1.7.0_25'
Driver info: driver.version: unknown
	at <anonymous class>.FirefoxDriver.prototype.findElementInternal_(file:///C:/Users/SHWETA~1/AppData/Local/Temp/anonymous8839575697940220302webdriver-profile/extensions/fxdriver@googlecode.com/components/driver_component.js:8882)
	at <anonymous class>.fxdriver.Timer.prototype.setTimeout/<.notify(file:///C:/Users/SHWETA~1/AppData/Local/Temp/anonymous8839575697940220302webdriver-profile/extensions/fxdriver@googlecode.com/components/driver_component.js:396)
... Removed 32 stack frames]]>
    </failure>
  </testcase> <!-- loginToTheSSOFrontDoor -->
</testsuite> <!-- Command line test 7b28a941-1601-4e40-9a82-796974d9f765 -->
