<?xml version="1.0" encoding="UTF-8"?>
<!-- Generated by org.testng.reporters.JUnitXMLReporter -->
<testsuite hostname="HPDB0148" name="Command line test db56b9e5-e0da-46d2-968c-b35ce0c5ebeb" tests="1" failures="1" timestamp="17 Dec 2013 11:27:36 GMT" time="13.341" errors="0">
  <testcase name="loginToTheSSOFrontDoor" time="0.185" classname="com.qait.launchpad.automation.tests.LoginTest">
    <failure type="org.openqa.selenium.NoSuchElementException" message="Unable to locate element: {&amp;quot;method&amp;quot;:&amp;quot;xpath&amp;quot;,&amp;quot;selector&amp;quot;:&amp;quot;.//span[@text()=&amp;apos;Login&amp;apos;]&amp;quot;}
Command duration or timeout: 10 milliseconds
For documentation on this error, please visit: http://seleniumhq.org/exceptions/no_such_element.html
Build info: version: &amp;apos;2.36.0&amp;apos;, revision: &amp;apos;9b50f805d0a53506a5ee6a55be8669f106d8d34e&amp;apos;, time: &amp;apos;2013-10-17 11:09:21&amp;apos;
System info: host: &amp;apos;HPDB0148&amp;apos;, ip: &amp;apos;172.16.8.168&amp;apos;, os.name: &amp;apos;Windows 7&amp;apos;, os.arch: &amp;apos;amd64&amp;apos;, os.version: &amp;apos;6.1&amp;apos;, java.version: &amp;apos;1.7.0_25&amp;apos;
Session ID: d260e986-fb8a-4269-ad70-b2e65914557c
Driver info: org.openqa.selenium.firefox.FirefoxDriver
Capabilities [{platform=XP, databaseEnabled=true, cssSelectorsEnabled=true, javascriptEnabled=true, acceptSslCerts=true, handlesAlerts=true, browserName=firefox, browserConnectionEnabled=true, nativeEvents=true, webStorageEnabled=true, rotatable=false, locationContextEnabled=true, applicationCacheEnabled=true, takesScreenshot=true, version=25.0.1}]">
      <![CDATA[org.openqa.selenium.NoSuchElementException: Unable to locate element: {"method":"xpath","selector":".//span[@text()='Login']"}
Command duration or timeout: 10 milliseconds
For documentation on this error, please visit: http://seleniumhq.org/exceptions/no_such_element.html
Build info: version: '2.36.0', revision: '9b50f805d0a53506a5ee6a55be8669f106d8d34e', time: '2013-10-17 11:09:21'
System info: host: 'HPDB0148', ip: '172.16.8.168', os.name: 'Windows 7', os.arch: 'amd64', os.version: '6.1', java.version: '1.7.0_25'
Session ID: d260e986-fb8a-4269-ad70-b2e65914557c
Driver info: org.openqa.selenium.firefox.FirefoxDriver
Capabilities [{platform=XP, databaseEnabled=true, cssSelectorsEnabled=true, javascriptEnabled=true, acceptSslCerts=true, handlesAlerts=true, browserName=firefox, browserConnectionEnabled=true, nativeEvents=true, webStorageEnabled=true, rotatable=false, locationContextEnabled=true, applicationCacheEnabled=true, takesScreenshot=true, version=25.0.1}]
	at org.openqa.selenium.remote.ErrorHandler.createThrowable(ErrorHandler.java:193)
	at org.openqa.selenium.remote.ErrorHandler.throwIfResponseFailed(ErrorHandler.java:145)
	at org.openqa.selenium.remote.RemoteWebDriver.execute(RemoteWebDriver.java:554)
	at org.openqa.selenium.remote.RemoteWebDriver.findElement(RemoteWebDriver.java:307)
	at org.openqa.selenium.remote.RemoteWebDriver.findElementByXPath(RemoteWebDriver.java:404)
	at org.openqa.selenium.By$ByXPath.findElement(By.java:363)
	at org.openqa.selenium.remote.RemoteWebDriver.findElement(RemoteWebDriver.java:299)
	at org.openqa.selenium.support.pagefactory.DefaultElementLocator.findElement(DefaultElementLocator.java:59)
	at org.openqa.selenium.support.pagefactory.internal.LocatingElementHandler.invoke(LocatingElementHandler.java:34)
	at com.sun.proxy.$Proxy7.click(Unknown Source)
	at com.qait.launchpad.automation.keywords.LoginPageActions.loginToTheApplication(LoginPageActions.java:39)
	at com.qait.launchpad.automation.tests.LoginTest.loginToTheSSOFrontDoor(LoginTest.java:34)
Caused by: org.openqa.selenium.remote.ErrorHandler$UnknownServerException: Unable to locate element: {"method":"xpath","selector":".//span[@text()='Login']"}
Build info: version: '2.36.0', revision: '9b50f805d0a53506a5ee6a55be8669f106d8d34e', time: '2013-10-17 11:09:21'
System info: host: 'HPDB0148', ip: '172.16.8.168', os.name: 'Windows 7', os.arch: 'amd64', os.version: '6.1', java.version: '1.7.0_25'
Driver info: driver.version: unknown
	at <anonymous class>.FirefoxDriver.prototype.findElementInternal_(file:///C:/Users/SHWETA~1/AppData/Local/Temp/anonymous7408400841882639264webdriver-profile/extensions/fxdriver@googlecode.com/components/driver_component.js:8882)
	at <anonymous class>.FirefoxDriver.prototype.findElement(file:///C:/Users/SHWETA~1/AppData/Local/Temp/anonymous7408400841882639264webdriver-profile/extensions/fxdriver@googlecode.com/components/driver_component.js:8891)
	at <anonymous class>.DelayedCommand.prototype.executeInternal_/h(file:///C:/Users/SHWETA~1/AppData/Local/Temp/anonymous7408400841882639264webdriver-profile/extensions/fxdriver@googlecode.com/components/command_processor.js:10835)
	at <anonymous class>.DelayedCommand.prototype.executeInternal_(file:///C:/Users/SHWETA~1/AppData/Local/Temp/anonymous7408400841882639264webdriver-profile/extensions/fxdriver@googlecode.com/components/command_processor.js:10840)
	at <anonymous class>.DelayedCommand.prototype.execute/<(file:///C:/Users/SHWETA~1/AppData/Local/Temp/anonymous7408400841882639264webdriver-profile/extensions/fxdriver@googlecode.com/components/command_processor.js:10782)
... Removed 32 stack frames]]>
    </failure>
  </testcase> <!-- loginToTheSSOFrontDoor -->
</testsuite> <!-- Command line test db56b9e5-e0da-46d2-968c-b35ce0c5ebeb -->
