<?xml version="1.0" encoding="UTF-8"?>
<!-- Generated by org.testng.reporters.JUnitXMLReporter -->
<testsuite hostname="DLLB0015" name="Basic_Chemistry_SmokeTest" tests="21" failures="3" timestamp="22 Jan 2014 12:51:51 GMT" time="737.362" errors="0">
  <testcase name="Tc001_loginToTheSSOFrontDoor" time="10.65" classname="com.cengage.mtx.automation.BasicSmoke.tests.Basic_Chemistry_SmokeTest"/>
  <testcase name="Tc002_performOperationsOnHomePage" time="28.137" classname="com.cengage.mtx.automation.BasicSmoke.tests.Basic_Chemistry_SmokeTest"/>
  <testcase name="Tc003_ActionsOnWeekWidgetView" time="13.209" classname="com.cengage.mtx.automation.BasicSmoke.tests.Basic_Chemistry_SmokeTest"/>
  <testcase name="Tc004_verifyAllAppsButtonDisplays" time="3.696" classname="com.cengage.mtx.automation.BasicSmoke.tests.Basic_Chemistry_SmokeTest"/>
  <testcase name="Tc005_clickOnAppsAndVerifyAllOpen" time="33.74" classname="com.cengage.mtx.automation.BasicSmoke.tests.Basic_Chemistry_SmokeTest"/>
  <testcase name="Tc006_verifyNumberOfWeekEqualswithWeekavailableinWeekSlider" time="0.213" classname="com.cengage.mtx.automation.BasicSmoke.tests.Basic_Chemistry_SmokeTest"/>
  <testcase name="Tc007_AttemptingTutoredActivity" time="120.63" classname="com.cengage.mtx.automation.BasicSmoke.tests.Basic_Chemistry_SmokeTest">
    <failure type="org.openqa.selenium.TimeoutException" message="Timed out after 90 seconds waiting for element to be clickable: By.xpath: .//div[contains(@class,&amp;apos;dash-middle&amp;apos;)]//div[contains(@title,&amp;apos;4.1b Displacement Reactions&amp;apos;)]
Build info: version: &amp;apos;2.36.0&amp;apos;, revision: &amp;apos;9b50f805d0a53506a5ee6a55be8669f106d8d34e&amp;apos;, time: &amp;apos;2013-10-17 11:09:21&amp;apos;
System info: host: &amp;apos;DLLB0015&amp;apos;, ip: &amp;apos;172.16.2.218&amp;apos;, os.name: &amp;apos;Windows 7&amp;apos;, os.arch: &amp;apos;x86&amp;apos;, os.version: &amp;apos;6.1&amp;apos;, java.version: &amp;apos;1.6.0_43&amp;apos;
Driver info: driver.version: unknown">
      <![CDATA[org.openqa.selenium.TimeoutException: Timed out after 90 seconds waiting for element to be clickable: By.xpath: .//div[contains(@class,'dash-middle')]//div[contains(@title,'4.1b Displacement Reactions')]
Build info: version: '2.36.0', revision: '9b50f805d0a53506a5ee6a55be8669f106d8d34e', time: '2013-10-17 11:09:21'
System info: host: 'DLLB0015', ip: '172.16.2.218', os.name: 'Windows 7', os.arch: 'x86', os.version: '6.1', java.version: '1.6.0_43'
Driver info: driver.version: unknown
	at org.openqa.selenium.support.ui.FluentWait.timeoutException(FluentWait.java:259)
	at org.openqa.selenium.support.ui.FluentWait.until(FluentWait.java:228)
	at com.cengage.mtx.automation.utils.SeleniumWait.getWhenClickable(SeleniumWait.java:52)
	at com.cengage.mtx.automation.chemistry.pageuiobjects.DifferentActivitiesUi.getlbl_TutoredActivity_Clickable(DifferentActivitiesUi.java:122)
	at com.cengage.mtx.automation.chemistry.keywords.DifferentActivitiesActions.clickOnTutoredActivity(DifferentActivitiesActions.java:65)
	at com.cengage.mtx.automation.BasicSmoke.tests.Basic_Chemistry_SmokeTest.Tc007_AttemptingTutoredActivity(Basic_Chemistry_SmokeTest.java:93)
	at com.cengage.mtx.automation.BasicSmoke.tests.Henley_Basic_Smoke_TestRunner.Test(Henley_Basic_Smoke_TestRunner.java:25)
Caused by: org.openqa.selenium.NoSuchElementException: Unable to locate element: {"method":"xpath","selector":".//div[contains(@class,'dash-middle')]//div[contains(@title,'4.1b Displacement Reactions')]"}
Command duration or timeout: 60.02 seconds
For documentation on this error, please visit: http://seleniumhq.org/exceptions/no_such_element.html
Build info: version: '2.36.0', revision: '9b50f805d0a53506a5ee6a55be8669f106d8d34e', time: '2013-10-17 11:09:21'
System info: host: 'DLLB0015', ip: '172.16.2.218', os.name: 'Windows 7', os.arch: 'x86', os.version: '6.1', java.version: '1.6.0_43'
Session ID: 6f710cc7-9d11-464e-84bc-1f4acd3d092d
Driver info: org.openqa.selenium.firefox.FirefoxDriver
Capabilities [{platform=XP, acceptSslCerts=true, javascriptEnabled=true, browserName=firefox, rotatable=false, locationContextEnabled=true, version=26.0, cssSelectorsEnabled=true, databaseEnabled=true, handlesAlerts=true, browserConnectionEnabled=true, nativeEvents=true, webStorageEnabled=true, applicationCacheEnabled=true, takesScreenshot=true}]
	at org.openqa.selenium.remote.ErrorHandler.createThrowable(ErrorHandler.java:193)
	at org.openqa.selenium.remote.ErrorHandler.throwIfResponseFailed(ErrorHandler.java:145)
	at org.openqa.selenium.remote.RemoteWebDriver.execute(RemoteWebDriver.java:554)
	at org.openqa.selenium.remote.RemoteWebDriver.findElement(RemoteWebDriver.java:307)
	at org.openqa.selenium.remote.RemoteWebDriver.findElementByXPath(RemoteWebDriver.java:404)
	at org.openqa.selenium.By$ByXPath.findElement(By.java:363)
	at org.openqa.selenium.remote.RemoteWebDriver.findElement(RemoteWebDriver.java:299)
	at org.openqa.selenium.support.ui.ExpectedConditions.findElement(ExpectedConditions.java:579)
	at org.openqa.selenium.support.ui.ExpectedConditions.access$000(ExpectedConditions.java:39)
	at org.openqa.selenium.support.ui.ExpectedConditions$4.apply(ExpectedConditions.java:130)
	at org.openqa.selenium.support.ui.ExpectedConditions$4.apply(ExpectedConditions.java:126)
	at org.openqa.selenium.support.ui.ExpectedConditions$14.apply(ExpectedConditions.java:412)
	at org.openqa.selenium.support.ui.ExpectedConditions$14.apply(ExpectedConditions.java:405)
	at org.openqa.selenium.support.ui.FluentWait.until(FluentWait.java:208)
	... 54 more
Caused by: org.openqa.selenium.remote.ErrorHandler$UnknownServerException: Unable to locate element: {"method":"xpath","selector":".//div[contains(@class,'dash-middle')]//div[contains(@title,'4.1b Displacement Reactions')]"}
Build info: version: '2.36.0', revision: '9b50f805d0a53506a5ee6a55be8669f106d8d34e', time: '2013-10-17 11:09:21'
System info: host: 'DLLB0015', ip: '172.16.2.218', os.name: 'Windows 7', os.arch: 'x86', os.version: '6.1', java.version: '1.6.0_43'
Driver info: driver.version: unknown
	at <anonymous class>.FirefoxDriver.prototype.findElementInternal_(file:///C:/Users/SHIVAM~1/AppData/Local/Temp/anonymous2278455543000723990webdriver-profile/extensions/fxdriver@googlecode.com/components/driver_component.js:8882)
	at <anonymous class>.fxdriver.Timer.prototype.setTimeout/<.notify(file:///C:/Users/SHIVAM~1/AppData/Local/Temp/anonymous2278455543000723990webdriver-profile/extensions/fxdriver@googlecode.com/components/driver_component.js:396)
... Removed 53 stack frames]]>
    </failure>
  </testcase> <!-- Tc007_AttemptingTutoredActivity -->
  <testcase name="Tc008_startAndSubmitTutoredActivity" time="188.443" classname="com.cengage.mtx.automation.BasicSmoke.tests.Basic_Chemistry_SmokeTest">
    <failure type="org.openqa.selenium.TimeoutException" message="Timed out after 120 seconds waiting for frame to be available: easyXDM_activityService_cxp_Target_provider
Build info: version: &amp;apos;2.36.0&amp;apos;, revision: &amp;apos;9b50f805d0a53506a5ee6a55be8669f106d8d34e&amp;apos;, time: &amp;apos;2013-10-17 11:09:21&amp;apos;
System info: host: &amp;apos;DLLB0015&amp;apos;, ip: &amp;apos;172.16.2.218&amp;apos;, os.name: &amp;apos;Windows 7&amp;apos;, os.arch: &amp;apos;x86&amp;apos;, os.version: &amp;apos;6.1&amp;apos;, java.version: &amp;apos;1.6.0_43&amp;apos;
Driver info: driver.version: unknown">
      <![CDATA[org.openqa.selenium.TimeoutException: Timed out after 120 seconds waiting for frame to be available: easyXDM_activityService_cxp_Target_provider
Build info: version: '2.36.0', revision: '9b50f805d0a53506a5ee6a55be8669f106d8d34e', time: '2013-10-17 11:09:21'
System info: host: 'DLLB0015', ip: '172.16.2.218', os.name: 'Windows 7', os.arch: 'x86', os.version: '6.1', java.version: '1.6.0_43'
Driver info: driver.version: unknown
	at org.openqa.selenium.support.ui.FluentWait.timeoutException(FluentWait.java:259)
	at org.openqa.selenium.support.ui.FluentWait.until(FluentWait.java:228)
	at com.cengage.mtx.automation.chemistry.pageuiobjects.BasePage.switchToFrame(BasePage.java:103)
	at com.cengage.mtx.automation.chemistry.keywords.StartSubmitLogOutActions.clickOnStartActivityForTutored(StartSubmitLogOutActions.java:48)
	at com.cengage.mtx.automation.BasicSmoke.tests.Basic_Chemistry_SmokeTest.Tc008_startAndSubmitTutoredActivity(Basic_Chemistry_SmokeTest.java:102)
	at com.cengage.mtx.automation.BasicSmoke.tests.Henley_Basic_Smoke_TestRunner.Test(Henley_Basic_Smoke_TestRunner.java:25)
... Removed 49 stack frames]]>
    </failure>
  </testcase> <!-- Tc008_startAndSubmitTutoredActivity -->
  <testcase name="Tc009_verifyStatusdisplayAsCompletedForTutoredActivity" time="120.64" classname="com.cengage.mtx.automation.BasicSmoke.tests.Basic_Chemistry_SmokeTest">
    <failure type="org.openqa.selenium.TimeoutException" message="Timed out after 80 seconds waiting for visibility of element located by By.xpath: //div[contains(@class,&amp;apos;dash-middle&amp;apos;)]//ul[contains(@class,&amp;apos;assignments &amp;apos;)]//label[contains(text(),&amp;apos;null&amp;apos;)]/parent::div/parent::li/i[@class=&amp;apos;statusIcon completed&amp;apos;]
Build info: version: &amp;apos;2.36.0&amp;apos;, revision: &amp;apos;9b50f805d0a53506a5ee6a55be8669f106d8d34e&amp;apos;, time: &amp;apos;2013-10-17 11:09:21&amp;apos;
System info: host: &amp;apos;DLLB0015&amp;apos;, ip: &amp;apos;172.16.2.218&amp;apos;, os.name: &amp;apos;Windows 7&amp;apos;, os.arch: &amp;apos;x86&amp;apos;, os.version: &amp;apos;6.1&amp;apos;, java.version: &amp;apos;1.6.0_43&amp;apos;
Driver info: driver.version: unknown">
      <![CDATA[org.openqa.selenium.TimeoutException: Timed out after 80 seconds waiting for visibility of element located by By.xpath: //div[contains(@class,'dash-middle')]//ul[contains(@class,'assignments ')]//label[contains(text(),'null')]/parent::div/parent::li/i[@class='statusIcon completed']
Build info: version: '2.36.0', revision: '9b50f805d0a53506a5ee6a55be8669f106d8d34e', time: '2013-10-17 11:09:21'
System info: host: 'DLLB0015', ip: '172.16.2.218', os.name: 'Windows 7', os.arch: 'x86', os.version: '6.1', java.version: '1.6.0_43'
Driver info: driver.version: unknown
	at org.openqa.selenium.support.ui.FluentWait.timeoutException(FluentWait.java:259)
	at org.openqa.selenium.support.ui.FluentWait.until(FluentWait.java:228)
	at com.cengage.mtx.automation.utils.SeleniumWait.getWhenVisible(SeleniumWait.java:37)
	at com.cengage.mtx.automation.chemistry.pageuiobjects.WeekWidgetUi.getPreocessingIndicator(WeekWidgetUi.java:129)
	at com.cengage.mtx.automation.chemistry.keywords.WeekWidgetActions.verifyStausDisplayAsCompleted(WeekWidgetActions.java:88)
	at com.cengage.mtx.automation.chemistry.keywords.WeekWidgetActions.verifyActivityStatusDisplayAsCompleted(WeekWidgetActions.java:79)
	at com.cengage.mtx.automation.BasicSmoke.tests.Basic_Chemistry_SmokeTest.Tc009_verifyStatusdisplayAsCompletedForTutoredActivity(Basic_Chemistry_SmokeTest.java:112)
	at com.cengage.mtx.automation.BasicSmoke.tests.Henley_Basic_Smoke_TestRunner.Test(Henley_Basic_Smoke_TestRunner.java:25)
Caused by: org.openqa.selenium.NoSuchElementException: Unable to locate element: {"method":"xpath","selector":"//div[contains(@class,'dash-middle')]//ul[contains(@class,'assignments ')]//label[contains(text(),'null')]/parent::div/parent::li/i[@class='statusIcon completed']"}
Command duration or timeout: 60.04 seconds
For documentation on this error, please visit: http://seleniumhq.org/exceptions/no_such_element.html
Build info: version: '2.36.0', revision: '9b50f805d0a53506a5ee6a55be8669f106d8d34e', time: '2013-10-17 11:09:21'
System info: host: 'DLLB0015', ip: '172.16.2.218', os.name: 'Windows 7', os.arch: 'x86', os.version: '6.1', java.version: '1.6.0_43'
Session ID: 6f710cc7-9d11-464e-84bc-1f4acd3d092d
Driver info: org.openqa.selenium.firefox.FirefoxDriver
Capabilities [{platform=XP, acceptSslCerts=true, javascriptEnabled=true, browserName=firefox, rotatable=false, locationContextEnabled=true, version=26.0, cssSelectorsEnabled=true, databaseEnabled=true, handlesAlerts=true, browserConnectionEnabled=true, nativeEvents=true, webStorageEnabled=true, applicationCacheEnabled=true, takesScreenshot=true}]
	at org.openqa.selenium.remote.ErrorHandler.createThrowable(ErrorHandler.java:193)
	at org.openqa.selenium.remote.ErrorHandler.throwIfResponseFailed(ErrorHandler.java:145)
	at org.openqa.selenium.remote.RemoteWebDriver.execute(RemoteWebDriver.java:554)
	at org.openqa.selenium.remote.RemoteWebDriver.findElement(RemoteWebDriver.java:307)
	at org.openqa.selenium.remote.RemoteWebDriver.findElementByXPath(RemoteWebDriver.java:404)
	at org.openqa.selenium.By$ByXPath.findElement(By.java:363)
	at org.openqa.selenium.remote.RemoteWebDriver.findElement(RemoteWebDriver.java:299)
	at org.openqa.selenium.support.ui.ExpectedConditions.findElement(ExpectedConditions.java:579)
	at org.openqa.selenium.support.ui.ExpectedConditions.access$000(ExpectedConditions.java:39)
	at org.openqa.selenium.support.ui.ExpectedConditions$4.apply(ExpectedConditions.java:130)
	at org.openqa.selenium.support.ui.ExpectedConditions$4.apply(ExpectedConditions.java:126)
	at org.openqa.selenium.support.ui.FluentWait.until(FluentWait.java:208)
	... 55 more
Caused by: org.openqa.selenium.remote.ErrorHandler$UnknownServerException: Unable to locate element: {"method":"xpath","selector":"//div[contains(@class,'dash-middle')]//ul[contains(@class,'assignments ')]//label[contains(text(),'null')]/parent::div/parent::li/i[@class='statusIcon completed']"}
Build info: version: '2.36.0', revision: '9b50f805d0a53506a5ee6a55be8669f106d8d34e', time: '2013-10-17 11:09:21'
System info: host: 'DLLB0015', ip: '172.16.2.218', os.name: 'Windows 7', os.arch: 'x86', os.version: '6.1', java.version: '1.6.0_43'
Driver info: driver.version: unknown
	at <anonymous class>.FirefoxDriver.prototype.findElementInternal_(file:///C:/Users/SHIVAM~1/AppData/Local/Temp/anonymous2278455543000723990webdriver-profile/extensions/fxdriver@googlecode.com/components/driver_component.js:8882)
	at <anonymous class>.fxdriver.Timer.prototype.setTimeout/<.notify(file:///C:/Users/SHIVAM~1/AppData/Local/Temp/anonymous2278455543000723990webdriver-profile/extensions/fxdriver@googlecode.com/components/driver_component.js:396)
... Removed 53 stack frames]]>
    </failure>
  </testcase> <!-- Tc009_verifyStatusdisplayAsCompletedForTutoredActivity -->
  <testcase name="Tc010_OpenIntroductionandQuickPrepActivity" time="2.523" classname="com.cengage.mtx.automation.BasicSmoke.tests.Basic_Chemistry_SmokeTest"/>
  <testcase name="Tc011_verifyStartActiviyandSubmit" time="69.797" classname="com.cengage.mtx.automation.BasicSmoke.tests.Basic_Chemistry_SmokeTest"/>
  <testcase name="Tc012_verifyIntroductionandQuickPrepActivityStatusAsCompleted" time="7.367" classname="com.cengage.mtx.automation.BasicSmoke.tests.Basic_Chemistry_SmokeTest"/>
  <testcase name="Tc013_AttemptingMasteryActivity" time="1.117" classname="com.cengage.mtx.automation.BasicSmoke.tests.Basic_Chemistry_SmokeTest"/>
  <testcase name="Tc014_startAndSubmitMasteryActivity" time="71.176" classname="com.cengage.mtx.automation.BasicSmoke.tests.Basic_Chemistry_SmokeTest"/>
  <testcase name="Tc015_verifyStatusdisplayAsCompletedForMasteryActivity" time="6.946" classname="com.cengage.mtx.automation.BasicSmoke.tests.Basic_Chemistry_SmokeTest"/>
  <testcase name="Tc016_AttemptingReviewandChallengeActivity" time="1.06" classname="com.cengage.mtx.automation.BasicSmoke.tests.Basic_Chemistry_SmokeTest"/>
  <testcase name="Tc017_startAndSubmitReviewandChallengeActivity" time="11.262" classname="com.cengage.mtx.automation.BasicSmoke.tests.Basic_Chemistry_SmokeTest"/>
  <testcase name="Tc018_verifyStatusdisplayAsCompletedForReviewandChallengeActivity" time="7.332" classname="com.cengage.mtx.automation.BasicSmoke.tests.Basic_Chemistry_SmokeTest"/>
  <testcase name="Tc019_AttemptingStudyGuide" time="0.774" classname="com.cengage.mtx.automation.BasicSmoke.tests.Basic_Chemistry_SmokeTest"/>
  <testcase name="Tc020_startAndSubmitStudyGuide" time="0.49" classname="com.cengage.mtx.automation.BasicSmoke.tests.Basic_Chemistry_SmokeTest"/>
  <testcase name="Tc021_logOutFromApplication" time="2.145" classname="com.cengage.mtx.automation.BasicSmoke.tests.Basic_Chemistry_SmokeTest"/>
</testsuite> <!-- Basic_Chemistry_SmokeTest -->
