<html>
<head>
<title>TestNG:  Basic_Chemistry_SmokeTest</title>
<link href="../testng.css" rel="stylesheet" type="text/css" />
<link href="../my-testng.css" rel="stylesheet" type="text/css" />

<style type="text/css">
.log { display: none;} 
.stack-trace { display: none;} 
</style>
<script type="text/javascript">
<!--
function flip(e) {
  current = e.style.display;
  if (current == 'block') {
    e.style.display = 'none';
    return 0;
  }
  else {
    e.style.display = 'block';
    return 1;
  }
}

function toggleBox(szDivId, elem, msg1, msg2)
{
  var res = -1;  if (document.getElementById) {
    res = flip(document.getElementById(szDivId));
  }
  else if (document.all) {
    // this is the way old msie versions work
    res = flip(document.all[szDivId]);
  }
  if(elem) {
    if(res == 0) elem.innerHTML = msg1; else elem.innerHTML = msg2;
  }

}

function toggleAllBoxes() {
  if (document.getElementsByTagName) {
    d = document.getElementsByTagName('div');
    for (i = 0; i < d.length; i++) {
      if (d[i].className == 'log') {
        flip(d[i]);
      }
    }
  }
}

// -->
</script>

</head>
<body>
<h2 align='center'>Basic_Chemistry_SmokeTest</h2><table border='1' align="center">
<tr>
<td>Tests passed/Failed/Skipped:</td><td>18/3/0</td>
</tr><tr>
<td>Started on:</td><td>Wed Jan 22 18:09:33 IST 2014</td>
</tr>
<tr><td>Total time:</td><td>737 seconds (737362 ms)</td>
</tr><tr>
<td>Included groups:</td><td></td>
</tr><tr>
<td>Excluded groups:</td><td></td>
</tr>
</table><p/>
<small><i>(Hover the method name to see the test class name)</i></small><p/>
<table width='100%' border='1' class='invocation-failed'>
<tr><td colspan='4' align='center'><b>FAILED TESTS</b></td></tr>
<tr><td><b>Test method</b></td>
<td width="30%"><b>Exception</b></td>
<td width="10%"><b>Time (seconds)</b></td>
<td><b>Instance</b></td>
</tr>
<tr>
<td title='com.cengage.mtx.automation.BasicSmoke.tests.Basic_Chemistry_SmokeTest.Tc007_AttemptingTutoredActivity()'><b>Tc007_AttemptingTutoredActivity</b><br>Test class: com.cengage.mtx.automation.BasicSmoke.tests.Basic_Chemistry_SmokeTest</td>
<td><div><pre>org.openqa.selenium.TimeoutException: Timed out after 90 seconds waiting for element to be clickable: By.xpath: .//div[contains(@class,&apos;dash-middle&apos;)]//div[contains(@title,&apos;4.1b Displacement Reactions&apos;)]
Build info: version: &apos;2.36.0&apos;, revision: &apos;9b50f805d0a53506a5ee6a55be8669f106d8d34e&apos;, time: &apos;2013-10-17 11:09:21&apos;
System info: host: &apos;DLLB0015&apos;, ip: &apos;172.16.2.218&apos;, os.name: &apos;Windows 7&apos;, os.arch: &apos;x86&apos;, os.version: &apos;6.1&apos;, java.version: &apos;1.6.0_43&apos;
Driver info: driver.version: unknown
	at org.openqa.selenium.support.ui.FluentWait.timeoutException(FluentWait.java:259)
	at org.openqa.selenium.support.ui.FluentWait.until(FluentWait.java:228)
	at com.cengage.mtx.automation.utils.SeleniumWait.getWhenClickable(SeleniumWait.java:52)
	at com.cengage.mtx.automation.chemistry.pageuiobjects.DifferentActivitiesUi.getlbl_TutoredActivity_Clickable(DifferentActivitiesUi.java:122)
	at com.cengage.mtx.automation.chemistry.keywords.DifferentActivitiesActions.clickOnTutoredActivity(DifferentActivitiesActions.java:65)
	at com.cengage.mtx.automation.BasicSmoke.tests.Basic_Chemistry_SmokeTest.Tc007_AttemptingTutoredActivity(Basic_Chemistry_SmokeTest.java:93)
	at com.cengage.mtx.automation.BasicSmoke.tests.Henley_Basic_Smoke_TestRunner.Test(Henley_Basic_Smoke_TestRunner.java:25)
Caused by: org.openqa.selenium.NoSuchElementException: Unable to locate element: {&quot;method&quot;:&quot;xpath&quot;,&quot;selector&quot;:&quot;.//div[contains(@class,&apos;dash-middle&apos;)]//div[contains(@title,&apos;4.1b Displacement Reactions&apos;)]&quot;}
Command duration or timeout: 60.02 seconds
For documentation on this error, please visit: http://seleniumhq.org/exceptions/no_such_element.html
Build info: version: &apos;2.36.0&apos;, revision: &apos;9b50f805d0a53506a5ee6a55be8669f106d8d34e&apos;, time: &apos;2013-10-17 11:09:21&apos;
System info: host: &apos;DLLB0015&apos;, ip: &apos;172.16.2.218&apos;, os.name: &apos;Windows 7&apos;, os.arch: &apos;x86&apos;, os.version: &apos;6.1&apos;, java.version: &apos;1.6.0_43&apos;
Session ID: 6f710cc7-9d11-464e-84bc-1f4acd3d092d
Driver info: org.openqa.selenium.firefox.FirefoxDriver
Capabilities [{platform=XP, acceptSslCerts=true, javascriptEnabled=true, browserName=firefox, rotatable=false, locationContextEnabled=true, version=26.0, cssSelectorsEnabled=true, databaseEnabled=true, handlesAlerts=true, browserConnectionEnabled=true, nativeEvents=true, webStorageEnabled=true, applicationCacheEnabled=true, takesScreenshot=true}]
	at org.openqa.selenium.remote.ErrorHandler.createThrowable(ErrorHandler.java:193)
	at org.openqa.selenium.remote.ErrorHandler.throwIfResponseFailed(ErrorHandler.java:145)
	at org.openqa.selenium.remote.RemoteWebDriver.execute(RemoteWebDriver.java:554)
	at org.openqa.selenium.remote.RemoteWebDriver.findElement(RemoteWebDriver.java:307)
	at org.openqa.selenium.remote.RemoteWebDriver.findElementByXPath(RemoteWebDriver.java:404)
	at org.openqa.selenium.By$ByXPath.findElement(By.java:363)
	at org.openqa.selenium.remote.RemoteWebDriver.findElement(RemoteWebDriver.java:299)
	at org.openqa.selenium.support.ui.ExpectedConditions.findElement(ExpectedConditions.java:579)
	at org.openqa.selenium.support.ui.ExpectedConditions.access$000(ExpectedConditions.java:39)
	at org.openqa.selenium.support.ui.ExpectedConditions$4.apply(ExpectedConditions.java:130)
	at org.openqa.selenium.support.ui.ExpectedConditions$4.apply(ExpectedConditions.java:126)
	at org.openqa.selenium.support.ui.ExpectedConditions$14.apply(ExpectedConditions.java:412)
	at org.openqa.selenium.support.ui.ExpectedConditions$14.apply(ExpectedConditions.java:405)
	at org.openqa.selenium.support.ui.FluentWait.until(FluentWait.java:208)
	... 54 more
Caused by: org.openqa.selenium.remote.ErrorHandler$UnknownServerException: Unable to locate element: {&quot;method&quot;:&quot;xpath&quot;,&quot;selector&quot;:&quot;.//div[contains(@class,&apos;dash-middle&apos;)]//div[contains(@title,&apos;4.1b Displacement Reactions&apos;)]&quot;}
Build info: version: &apos;2.36.0&apos;, revision: &apos;9b50f805d0a53506a5ee6a55be8669f106d8d34e&apos;, time: &apos;2013-10-17 11:09:21&apos;
System info: host: &apos;DLLB0015&apos;, ip: &apos;172.16.2.218&apos;, os.name: &apos;Windows 7&apos;, os.arch: &apos;x86&apos;, os.version: &apos;6.1&apos;, java.version: &apos;1.6.0_43&apos;
Driver info: driver.version: unknown
	at &lt;anonymous class&gt;.FirefoxDriver.prototype.findElementInternal_(file:///C:/Users/SHIVAM~1/AppData/Local/Temp/anonymous2278455543000723990webdriver-profile/extensions/fxdriver@googlecode.com/components/driver_component.js:8882)
	at &lt;anonymous class&gt;.fxdriver.Timer.prototype.setTimeout/&lt;.notify(file:///C:/Users/SHIVAM~1/AppData/Local/Temp/anonymous2278455543000723990webdriver-profile/extensions/fxdriver@googlecode.com/components/driver_component.js:396)
... Removed 53 stack frames</pre></div><a href='#' onClick='toggleBox("stack-trace15383855", this, "Click to show all stack frames", "Click to hide stack frames")'>Click to show all stack frames</a>
<div class='stack-trace' id='stack-trace15383855'><pre>org.openqa.selenium.TimeoutException: Timed out after 90 seconds waiting for element to be clickable: By.xpath: .//div[contains(@class,&apos;dash-middle&apos;)]//div[contains(@title,&apos;4.1b Displacement Reactions&apos;)]
Build info: version: &apos;2.36.0&apos;, revision: &apos;9b50f805d0a53506a5ee6a55be8669f106d8d34e&apos;, time: &apos;2013-10-17 11:09:21&apos;
System info: host: &apos;DLLB0015&apos;, ip: &apos;172.16.2.218&apos;, os.name: &apos;Windows 7&apos;, os.arch: &apos;x86&apos;, os.version: &apos;6.1&apos;, java.version: &apos;1.6.0_43&apos;
Driver info: driver.version: unknown
	at org.openqa.selenium.support.ui.FluentWait.timeoutException(FluentWait.java:259)
	at org.openqa.selenium.support.ui.FluentWait.until(FluentWait.java:228)
	at com.cengage.mtx.automation.utils.SeleniumWait.getWhenClickable(SeleniumWait.java:52)
	at com.cengage.mtx.automation.chemistry.pageuiobjects.DifferentActivitiesUi.getlbl_TutoredActivity_Clickable(DifferentActivitiesUi.java:122)
	at com.cengage.mtx.automation.chemistry.keywords.DifferentActivitiesActions.clickOnTutoredActivity(DifferentActivitiesActions.java:65)
	at com.cengage.mtx.automation.BasicSmoke.tests.Basic_Chemistry_SmokeTest.Tc007_AttemptingTutoredActivity(Basic_Chemistry_SmokeTest.java:93)
	at sun.reflect.NativeMethodAccessorImpl.invoke0(Native Method)
	at sun.reflect.NativeMethodAccessorImpl.invoke(NativeMethodAccessorImpl.java:39)
	at sun.reflect.DelegatingMethodAccessorImpl.invoke(DelegatingMethodAccessorImpl.java:25)
	at java.lang.reflect.Method.invoke(Method.java:597)
	at org.testng.internal.MethodInvocationHelper.invokeMethod(MethodInvocationHelper.java:84)
	at org.testng.internal.Invoker.invokeMethod(Invoker.java:714)
	at org.testng.internal.Invoker.invokeTestMethod(Invoker.java:901)
	at org.testng.internal.Invoker.invokeTestMethods(Invoker.java:1231)
	at org.testng.internal.TestMethodWorker.invokeTestMethods(TestMethodWorker.java:127)
	at org.testng.internal.TestMethodWorker.run(TestMethodWorker.java:111)
	at org.testng.TestRunner.privateRun(TestRunner.java:767)
	at org.testng.TestRunner.run(TestRunner.java:617)
	at org.testng.SuiteRunner.runTest(SuiteRunner.java:334)
	at org.testng.SuiteRunner.runSequentially(SuiteRunner.java:329)
	at org.testng.SuiteRunner.privateRun(SuiteRunner.java:291)
	at org.testng.SuiteRunner.run(SuiteRunner.java:240)
	at org.testng.SuiteRunnerWorker.runSuite(SuiteRunnerWorker.java:52)
	at org.testng.SuiteRunnerWorker.run(SuiteRunnerWorker.java:86)
	at org.testng.TestNG.runSuitesSequentially(TestNG.java:1224)
	at org.testng.TestNG.runSuitesLocally(TestNG.java:1149)
	at org.testng.TestNG.run(TestNG.java:1057)
	at com.cengage.mtx.automation.BasicSmoke.tests.Henley_Basic_Smoke_TestRunner.Test(Henley_Basic_Smoke_TestRunner.java:25)
	at sun.reflect.NativeMethodAccessorImpl.invoke0(Native Method)
	at sun.reflect.NativeMethodAccessorImpl.invoke(NativeMethodAccessorImpl.java:39)
	at sun.reflect.DelegatingMethodAccessorImpl.invoke(DelegatingMethodAccessorImpl.java:25)
	at java.lang.reflect.Method.invoke(Method.java:597)
	at org.testng.internal.MethodInvocationHelper.invokeMethod(MethodInvocationHelper.java:84)
	at org.testng.internal.Invoker.invokeMethod(Invoker.java:714)
	at org.testng.internal.Invoker.invokeTestMethod(Invoker.java:901)
	at org.testng.internal.Invoker.invokeTestMethods(Invoker.java:1231)
	at org.testng.internal.TestMethodWorker.invokeTestMethods(TestMethodWorker.java:127)
	at org.testng.internal.TestMethodWorker.run(TestMethodWorker.java:111)
	at org.testng.TestRunner.privateRun(TestRunner.java:767)
	at org.testng.TestRunner.run(TestRunner.java:617)
	at org.testng.SuiteRunner.runTest(SuiteRunner.java:334)
	at org.testng.SuiteRunner.runSequentially(SuiteRunner.java:329)
	at org.testng.SuiteRunner.privateRun(SuiteRunner.java:291)
	at org.testng.SuiteRunner.run(SuiteRunner.java:240)
	at org.testng.SuiteRunnerWorker.runSuite(SuiteRunnerWorker.java:52)
	at org.testng.SuiteRunnerWorker.run(SuiteRunnerWorker.java:86)
	at org.testng.TestNG.runSuitesSequentially(TestNG.java:1224)
	at org.testng.TestNG.runSuitesLocally(TestNG.java:1149)
	at org.testng.TestNG.run(TestNG.java:1057)
	at org.apache.maven.surefire.testng.TestNGExecutor.run(TestNGExecutor.java:91)
	at org.apache.maven.surefire.testng.TestNGDirectoryTestSuite.executeSingleClass(TestNGDirectoryTestSuite.java:128)
	at org.apache.maven.surefire.testng.TestNGDirectoryTestSuite.execute(TestNGDirectoryTestSuite.java:112)
	at org.apache.maven.surefire.testng.TestNGProvider.invoke(TestNGProvider.java:113)
	at org.apache.maven.surefire.booter.ForkedBooter.invokeProviderInSameClassLoader(ForkedBooter.java:200)
	at org.apache.maven.surefire.booter.ForkedBooter.runSuitesInProcess(ForkedBooter.java:153)
	at org.apache.maven.surefire.booter.ForkedBooter.main(ForkedBooter.java:103)
Caused by: org.openqa.selenium.NoSuchElementException: Unable to locate element: {&quot;method&quot;:&quot;xpath&quot;,&quot;selector&quot;:&quot;.//div[contains(@class,&apos;dash-middle&apos;)]//div[contains(@title,&apos;4.1b Displacement Reactions&apos;)]&quot;}
Command duration or timeout: 60.02 seconds
For documentation on this error, please visit: http://seleniumhq.org/exceptions/no_such_element.html
Build info: version: &apos;2.36.0&apos;, revision: &apos;9b50f805d0a53506a5ee6a55be8669f106d8d34e&apos;, time: &apos;2013-10-17 11:09:21&apos;
System info: host: &apos;DLLB0015&apos;, ip: &apos;172.16.2.218&apos;, os.name: &apos;Windows 7&apos;, os.arch: &apos;x86&apos;, os.version: &apos;6.1&apos;, java.version: &apos;1.6.0_43&apos;
Session ID: 6f710cc7-9d11-464e-84bc-1f4acd3d092d
Driver info: org.openqa.selenium.firefox.FirefoxDriver
Capabilities [{platform=XP, acceptSslCerts=true, javascriptEnabled=true, browserName=firefox, rotatable=false, locationContextEnabled=true, version=26.0, cssSelectorsEnabled=true, databaseEnabled=true, handlesAlerts=true, browserConnectionEnabled=true, nativeEvents=true, webStorageEnabled=true, applicationCacheEnabled=true, takesScreenshot=true}]
	at sun.reflect.NativeConstructorAccessorImpl.newInstance0(Native Method)
	at sun.reflect.NativeConstructorAccessorImpl.newInstance(NativeConstructorAccessorImpl.java:39)
	at sun.reflect.DelegatingConstructorAccessorImpl.newInstance(DelegatingConstructorAccessorImpl.java:27)
	at java.lang.reflect.Constructor.newInstance(Constructor.java:513)
	at org.openqa.selenium.remote.ErrorHandler.createThrowable(ErrorHandler.java:193)
	at org.openqa.selenium.remote.ErrorHandler.throwIfResponseFailed(ErrorHandler.java:145)
	at org.openqa.selenium.remote.RemoteWebDriver.execute(RemoteWebDriver.java:554)
	at org.openqa.selenium.remote.RemoteWebDriver.findElement(RemoteWebDriver.java:307)
	at org.openqa.selenium.remote.RemoteWebDriver.findElementByXPath(RemoteWebDriver.java:404)
	at org.openqa.selenium.By$ByXPath.findElement(By.java:363)
	at org.openqa.selenium.remote.RemoteWebDriver.findElement(RemoteWebDriver.java:299)
	at org.openqa.selenium.support.ui.ExpectedConditions.findElement(ExpectedConditions.java:579)
	at org.openqa.selenium.support.ui.ExpectedConditions.access$000(ExpectedConditions.java:39)
	at org.openqa.selenium.support.ui.ExpectedConditions$4.apply(ExpectedConditions.java:130)
	at org.openqa.selenium.support.ui.ExpectedConditions$4.apply(ExpectedConditions.java:126)
	at org.openqa.selenium.support.ui.ExpectedConditions$14.apply(ExpectedConditions.java:412)
	at org.openqa.selenium.support.ui.ExpectedConditions$14.apply(ExpectedConditions.java:405)
	at org.openqa.selenium.support.ui.FluentWait.until(FluentWait.java:208)
	... 54 more
Caused by: org.openqa.selenium.remote.ErrorHandler$UnknownServerException: Unable to locate element: {&quot;method&quot;:&quot;xpath&quot;,&quot;selector&quot;:&quot;.//div[contains(@class,&apos;dash-middle&apos;)]//div[contains(@title,&apos;4.1b Displacement Reactions&apos;)]&quot;}
Build info: version: &apos;2.36.0&apos;, revision: &apos;9b50f805d0a53506a5ee6a55be8669f106d8d34e&apos;, time: &apos;2013-10-17 11:09:21&apos;
System info: host: &apos;DLLB0015&apos;, ip: &apos;172.16.2.218&apos;, os.name: &apos;Windows 7&apos;, os.arch: &apos;x86&apos;, os.version: &apos;6.1&apos;, java.version: &apos;1.6.0_43&apos;
Driver info: driver.version: unknown
	at &lt;anonymous class&gt;.FirefoxDriver.prototype.findElementInternal_(file:///C:/Users/SHIVAM~1/AppData/Local/Temp/anonymous2278455543000723990webdriver-profile/extensions/fxdriver@googlecode.com/components/driver_component.js:8882)
	at &lt;anonymous class&gt;.fxdriver.Timer.prototype.setTimeout/&lt;.notify(file:///C:/Users/SHIVAM~1/AppData/Local/Temp/anonymous2278455543000723990webdriver-profile/extensions/fxdriver@googlecode.com/components/driver_component.js:396)
</pre></div></td>
<td>120</td>
<td>com.cengage.mtx.automation.BasicSmoke.tests.Basic_Chemistry_SmokeTest@1ccce3c</td></tr>
<tr>
<td title='com.cengage.mtx.automation.BasicSmoke.tests.Basic_Chemistry_SmokeTest.Tc008_startAndSubmitTutoredActivity()'><b>Tc008_startAndSubmitTutoredActivity</b><br>Test class: com.cengage.mtx.automation.BasicSmoke.tests.Basic_Chemistry_SmokeTest</td>
<td><div><pre>org.openqa.selenium.TimeoutException: Timed out after 120 seconds waiting for frame to be available: easyXDM_activityService_cxp_Target_provider
Build info: version: &apos;2.36.0&apos;, revision: &apos;9b50f805d0a53506a5ee6a55be8669f106d8d34e&apos;, time: &apos;2013-10-17 11:09:21&apos;
System info: host: &apos;DLLB0015&apos;, ip: &apos;172.16.2.218&apos;, os.name: &apos;Windows 7&apos;, os.arch: &apos;x86&apos;, os.version: &apos;6.1&apos;, java.version: &apos;1.6.0_43&apos;
Driver info: driver.version: unknown
	at org.openqa.selenium.support.ui.FluentWait.timeoutException(FluentWait.java:259)
	at org.openqa.selenium.support.ui.FluentWait.until(FluentWait.java:228)
	at com.cengage.mtx.automation.chemistry.pageuiobjects.BasePage.switchToFrame(BasePage.java:103)
	at com.cengage.mtx.automation.chemistry.keywords.StartSubmitLogOutActions.clickOnStartActivityForTutored(StartSubmitLogOutActions.java:48)
	at com.cengage.mtx.automation.BasicSmoke.tests.Basic_Chemistry_SmokeTest.Tc008_startAndSubmitTutoredActivity(Basic_Chemistry_SmokeTest.java:102)
	at com.cengage.mtx.automation.BasicSmoke.tests.Henley_Basic_Smoke_TestRunner.Test(Henley_Basic_Smoke_TestRunner.java:25)
... Removed 49 stack frames</pre></div><a href='#' onClick='toggleBox("stack-trace14858725", this, "Click to show all stack frames", "Click to hide stack frames")'>Click to show all stack frames</a>
<div class='stack-trace' id='stack-trace14858725'><pre>org.openqa.selenium.TimeoutException: Timed out after 120 seconds waiting for frame to be available: easyXDM_activityService_cxp_Target_provider
Build info: version: &apos;2.36.0&apos;, revision: &apos;9b50f805d0a53506a5ee6a55be8669f106d8d34e&apos;, time: &apos;2013-10-17 11:09:21&apos;
System info: host: &apos;DLLB0015&apos;, ip: &apos;172.16.2.218&apos;, os.name: &apos;Windows 7&apos;, os.arch: &apos;x86&apos;, os.version: &apos;6.1&apos;, java.version: &apos;1.6.0_43&apos;
Driver info: driver.version: unknown
	at org.openqa.selenium.support.ui.FluentWait.timeoutException(FluentWait.java:259)
	at org.openqa.selenium.support.ui.FluentWait.until(FluentWait.java:228)
	at com.cengage.mtx.automation.chemistry.pageuiobjects.BasePage.switchToFrame(BasePage.java:103)
	at com.cengage.mtx.automation.chemistry.keywords.StartSubmitLogOutActions.clickOnStartActivityForTutored(StartSubmitLogOutActions.java:48)
	at com.cengage.mtx.automation.BasicSmoke.tests.Basic_Chemistry_SmokeTest.Tc008_startAndSubmitTutoredActivity(Basic_Chemistry_SmokeTest.java:102)
	at sun.reflect.NativeMethodAccessorImpl.invoke0(Native Method)
	at sun.reflect.NativeMethodAccessorImpl.invoke(NativeMethodAccessorImpl.java:39)
	at sun.reflect.DelegatingMethodAccessorImpl.invoke(DelegatingMethodAccessorImpl.java:25)
	at java.lang.reflect.Method.invoke(Method.java:597)
	at org.testng.internal.MethodInvocationHelper.invokeMethod(MethodInvocationHelper.java:84)
	at org.testng.internal.Invoker.invokeMethod(Invoker.java:714)
	at org.testng.internal.Invoker.invokeTestMethod(Invoker.java:901)
	at org.testng.internal.Invoker.invokeTestMethods(Invoker.java:1231)
	at org.testng.internal.TestMethodWorker.invokeTestMethods(TestMethodWorker.java:127)
	at org.testng.internal.TestMethodWorker.run(TestMethodWorker.java:111)
	at org.testng.TestRunner.privateRun(TestRunner.java:767)
	at org.testng.TestRunner.run(TestRunner.java:617)
	at org.testng.SuiteRunner.runTest(SuiteRunner.java:334)
	at org.testng.SuiteRunner.runSequentially(SuiteRunner.java:329)
	at org.testng.SuiteRunner.privateRun(SuiteRunner.java:291)
	at org.testng.SuiteRunner.run(SuiteRunner.java:240)
	at org.testng.SuiteRunnerWorker.runSuite(SuiteRunnerWorker.java:52)
	at org.testng.SuiteRunnerWorker.run(SuiteRunnerWorker.java:86)
	at org.testng.TestNG.runSuitesSequentially(TestNG.java:1224)
	at org.testng.TestNG.runSuitesLocally(TestNG.java:1149)
	at org.testng.TestNG.run(TestNG.java:1057)
	at com.cengage.mtx.automation.BasicSmoke.tests.Henley_Basic_Smoke_TestRunner.Test(Henley_Basic_Smoke_TestRunner.java:25)
	at sun.reflect.NativeMethodAccessorImpl.invoke0(Native Method)
	at sun.reflect.NativeMethodAccessorImpl.invoke(NativeMethodAccessorImpl.java:39)
	at sun.reflect.DelegatingMethodAccessorImpl.invoke(DelegatingMethodAccessorImpl.java:25)
	at java.lang.reflect.Method.invoke(Method.java:597)
	at org.testng.internal.MethodInvocationHelper.invokeMethod(MethodInvocationHelper.java:84)
	at org.testng.internal.Invoker.invokeMethod(Invoker.java:714)
	at org.testng.internal.Invoker.invokeTestMethod(Invoker.java:901)
	at org.testng.internal.Invoker.invokeTestMethods(Invoker.java:1231)
	at org.testng.internal.TestMethodWorker.invokeTestMethods(TestMethodWorker.java:127)
	at org.testng.internal.TestMethodWorker.run(TestMethodWorker.java:111)
	at org.testng.TestRunner.privateRun(TestRunner.java:767)
	at org.testng.TestRunner.run(TestRunner.java:617)
	at org.testng.SuiteRunner.runTest(SuiteRunner.java:334)
	at org.testng.SuiteRunner.runSequentially(SuiteRunner.java:329)
	at org.testng.SuiteRunner.privateRun(SuiteRunner.java:291)
	at org.testng.SuiteRunner.run(SuiteRunner.java:240)
	at org.testng.SuiteRunnerWorker.runSuite(SuiteRunnerWorker.java:52)
	at org.testng.SuiteRunnerWorker.run(SuiteRunnerWorker.java:86)
	at org.testng.TestNG.runSuitesSequentially(TestNG.java:1224)
	at org.testng.TestNG.runSuitesLocally(TestNG.java:1149)
	at org.testng.TestNG.run(TestNG.java:1057)
	at org.apache.maven.surefire.testng.TestNGExecutor.run(TestNGExecutor.java:91)
	at org.apache.maven.surefire.testng.TestNGDirectoryTestSuite.executeSingleClass(TestNGDirectoryTestSuite.java:128)
	at org.apache.maven.surefire.testng.TestNGDirectoryTestSuite.execute(TestNGDirectoryTestSuite.java:112)
	at org.apache.maven.surefire.testng.TestNGProvider.invoke(TestNGProvider.java:113)
	at org.apache.maven.surefire.booter.ForkedBooter.invokeProviderInSameClassLoader(ForkedBooter.java:200)
	at org.apache.maven.surefire.booter.ForkedBooter.runSuitesInProcess(ForkedBooter.java:153)
	at org.apache.maven.surefire.booter.ForkedBooter.main(ForkedBooter.java:103)
</pre></div></td>
<td>188</td>
<td>com.cengage.mtx.automation.BasicSmoke.tests.Basic_Chemistry_SmokeTest@1ccce3c</td></tr>
<tr>
<td title='com.cengage.mtx.automation.BasicSmoke.tests.Basic_Chemistry_SmokeTest.Tc009_verifyStatusdisplayAsCompletedForTutoredActivity()'><b>Tc009_verifyStatusdisplayAsCompletedForTutoredActivity</b><br>Test class: com.cengage.mtx.automation.BasicSmoke.tests.Basic_Chemistry_SmokeTest</td>
<td><div><pre>org.openqa.selenium.TimeoutException: Timed out after 80 seconds waiting for visibility of element located by By.xpath: //div[contains(@class,&apos;dash-middle&apos;)]//ul[contains(@class,&apos;assignments &apos;)]//label[contains(text(),&apos;null&apos;)]/parent::div/parent::li/i[@class=&apos;statusIcon completed&apos;]
Build info: version: &apos;2.36.0&apos;, revision: &apos;9b50f805d0a53506a5ee6a55be8669f106d8d34e&apos;, time: &apos;2013-10-17 11:09:21&apos;
System info: host: &apos;DLLB0015&apos;, ip: &apos;172.16.2.218&apos;, os.name: &apos;Windows 7&apos;, os.arch: &apos;x86&apos;, os.version: &apos;6.1&apos;, java.version: &apos;1.6.0_43&apos;
Driver info: driver.version: unknown
	at org.openqa.selenium.support.ui.FluentWait.timeoutException(FluentWait.java:259)
	at org.openqa.selenium.support.ui.FluentWait.until(FluentWait.java:228)
	at com.cengage.mtx.automation.utils.SeleniumWait.getWhenVisible(SeleniumWait.java:37)
	at com.cengage.mtx.automation.chemistry.pageuiobjects.WeekWidgetUi.getPreocessingIndicator(WeekWidgetUi.java:129)
	at com.cengage.mtx.automation.chemistry.keywords.WeekWidgetActions.verifyStausDisplayAsCompleted(WeekWidgetActions.java:88)
	at com.cengage.mtx.automation.chemistry.keywords.WeekWidgetActions.verifyActivityStatusDisplayAsCompleted(WeekWidgetActions.java:79)
	at com.cengage.mtx.automation.BasicSmoke.tests.Basic_Chemistry_SmokeTest.Tc009_verifyStatusdisplayAsCompletedForTutoredActivity(Basic_Chemistry_SmokeTest.java:112)
	at com.cengage.mtx.automation.BasicSmoke.tests.Henley_Basic_Smoke_TestRunner.Test(Henley_Basic_Smoke_TestRunner.java:25)
Caused by: org.openqa.selenium.NoSuchElementException: Unable to locate element: {&quot;method&quot;:&quot;xpath&quot;,&quot;selector&quot;:&quot;//div[contains(@class,&apos;dash-middle&apos;)]//ul[contains(@class,&apos;assignments &apos;)]//label[contains(text(),&apos;null&apos;)]/parent::div/parent::li/i[@class=&apos;statusIcon completed&apos;]&quot;}
Command duration or timeout: 60.04 seconds
For documentation on this error, please visit: http://seleniumhq.org/exceptions/no_such_element.html
Build info: version: &apos;2.36.0&apos;, revision: &apos;9b50f805d0a53506a5ee6a55be8669f106d8d34e&apos;, time: &apos;2013-10-17 11:09:21&apos;
System info: host: &apos;DLLB0015&apos;, ip: &apos;172.16.2.218&apos;, os.name: &apos;Windows 7&apos;, os.arch: &apos;x86&apos;, os.version: &apos;6.1&apos;, java.version: &apos;1.6.0_43&apos;
Session ID: 6f710cc7-9d11-464e-84bc-1f4acd3d092d
Driver info: org.openqa.selenium.firefox.FirefoxDriver
Capabilities [{platform=XP, acceptSslCerts=true, javascriptEnabled=true, browserName=firefox, rotatable=false, locationContextEnabled=true, version=26.0, cssSelectorsEnabled=true, databaseEnabled=true, handlesAlerts=true, browserConnectionEnabled=true, nativeEvents=true, webStorageEnabled=true, applicationCacheEnabled=true, takesScreenshot=true}]
	at org.openqa.selenium.remote.ErrorHandler.createThrowable(ErrorHandler.java:193)
	at org.openqa.selenium.remote.ErrorHandler.throwIfResponseFailed(ErrorHandler.java:145)
	at org.openqa.selenium.remote.RemoteWebDriver.execute(RemoteWebDriver.java:554)
	at org.openqa.selenium.remote.RemoteWebDriver.findElement(RemoteWebDriver.java:307)
	at org.openqa.selenium.remote.RemoteWebDriver.findElementByXPath(RemoteWebDriver.java:404)
	at org.openqa.selenium.By$ByXPath.findElement(By.java:363)
	at org.openqa.selenium.remote.RemoteWebDriver.findElement(RemoteWebDriver.java:299)
	at org.openqa.selenium.support.ui.ExpectedConditions.findElement(ExpectedConditions.java:579)
	at org.openqa.selenium.support.ui.ExpectedConditions.access$000(ExpectedConditions.java:39)
	at org.openqa.selenium.support.ui.ExpectedConditions$4.apply(ExpectedConditions.java:130)
	at org.openqa.selenium.support.ui.ExpectedConditions$4.apply(ExpectedConditions.java:126)
	at org.openqa.selenium.support.ui.FluentWait.until(FluentWait.java:208)
	... 55 more
Caused by: org.openqa.selenium.remote.ErrorHandler$UnknownServerException: Unable to locate element: {&quot;method&quot;:&quot;xpath&quot;,&quot;selector&quot;:&quot;//div[contains(@class,&apos;dash-middle&apos;)]//ul[contains(@class,&apos;assignments &apos;)]//label[contains(text(),&apos;null&apos;)]/parent::div/parent::li/i[@class=&apos;statusIcon completed&apos;]&quot;}
Build info: version: &apos;2.36.0&apos;, revision: &apos;9b50f805d0a53506a5ee6a55be8669f106d8d34e&apos;, time: &apos;2013-10-17 11:09:21&apos;
System info: host: &apos;DLLB0015&apos;, ip: &apos;172.16.2.218&apos;, os.name: &apos;Windows 7&apos;, os.arch: &apos;x86&apos;, os.version: &apos;6.1&apos;, java.version: &apos;1.6.0_43&apos;
Driver info: driver.version: unknown
	at &lt;anonymous class&gt;.FirefoxDriver.prototype.findElementInternal_(file:///C:/Users/SHIVAM~1/AppData/Local/Temp/anonymous2278455543000723990webdriver-profile/extensions/fxdriver@googlecode.com/components/driver_component.js:8882)
	at &lt;anonymous class&gt;.fxdriver.Timer.prototype.setTimeout/&lt;.notify(file:///C:/Users/SHIVAM~1/AppData/Local/Temp/anonymous2278455543000723990webdriver-profile/extensions/fxdriver@googlecode.com/components/driver_component.js:396)
... Removed 53 stack frames</pre></div><a href='#' onClick='toggleBox("stack-trace19311306", this, "Click to show all stack frames", "Click to hide stack frames")'>Click to show all stack frames</a>
<div class='stack-trace' id='stack-trace19311306'><pre>org.openqa.selenium.TimeoutException: Timed out after 80 seconds waiting for visibility of element located by By.xpath: //div[contains(@class,&apos;dash-middle&apos;)]//ul[contains(@class,&apos;assignments &apos;)]//label[contains(text(),&apos;null&apos;)]/parent::div/parent::li/i[@class=&apos;statusIcon completed&apos;]
Build info: version: &apos;2.36.0&apos;, revision: &apos;9b50f805d0a53506a5ee6a55be8669f106d8d34e&apos;, time: &apos;2013-10-17 11:09:21&apos;
System info: host: &apos;DLLB0015&apos;, ip: &apos;172.16.2.218&apos;, os.name: &apos;Windows 7&apos;, os.arch: &apos;x86&apos;, os.version: &apos;6.1&apos;, java.version: &apos;1.6.0_43&apos;
Driver info: driver.version: unknown
	at org.openqa.selenium.support.ui.FluentWait.timeoutException(FluentWait.java:259)
	at org.openqa.selenium.support.ui.FluentWait.until(FluentWait.java:228)
	at com.cengage.mtx.automation.utils.SeleniumWait.getWhenVisible(SeleniumWait.java:37)
	at com.cengage.mtx.automation.chemistry.pageuiobjects.WeekWidgetUi.getPreocessingIndicator(WeekWidgetUi.java:129)
	at com.cengage.mtx.automation.chemistry.keywords.WeekWidgetActions.verifyStausDisplayAsCompleted(WeekWidgetActions.java:88)
	at com.cengage.mtx.automation.chemistry.keywords.WeekWidgetActions.verifyActivityStatusDisplayAsCompleted(WeekWidgetActions.java:79)
	at com.cengage.mtx.automation.BasicSmoke.tests.Basic_Chemistry_SmokeTest.Tc009_verifyStatusdisplayAsCompletedForTutoredActivity(Basic_Chemistry_SmokeTest.java:112)
	at sun.reflect.NativeMethodAccessorImpl.invoke0(Native Method)
	at sun.reflect.NativeMethodAccessorImpl.invoke(NativeMethodAccessorImpl.java:39)
	at sun.reflect.DelegatingMethodAccessorImpl.invoke(DelegatingMethodAccessorImpl.java:25)
	at java.lang.reflect.Method.invoke(Method.java:597)
	at org.testng.internal.MethodInvocationHelper.invokeMethod(MethodInvocationHelper.java:84)
	at org.testng.internal.Invoker.invokeMethod(Invoker.java:714)
	at org.testng.internal.Invoker.invokeTestMethod(Invoker.java:901)
	at org.testng.internal.Invoker.invokeTestMethods(Invoker.java:1231)
	at org.testng.internal.TestMethodWorker.invokeTestMethods(TestMethodWorker.java:127)
	at org.testng.internal.TestMethodWorker.run(TestMethodWorker.java:111)
	at org.testng.TestRunner.privateRun(TestRunner.java:767)
	at org.testng.TestRunner.run(TestRunner.java:617)
	at org.testng.SuiteRunner.runTest(SuiteRunner.java:334)
	at org.testng.SuiteRunner.runSequentially(SuiteRunner.java:329)
	at org.testng.SuiteRunner.privateRun(SuiteRunner.java:291)
	at org.testng.SuiteRunner.run(SuiteRunner.java:240)
	at org.testng.SuiteRunnerWorker.runSuite(SuiteRunnerWorker.java:52)
	at org.testng.SuiteRunnerWorker.run(SuiteRunnerWorker.java:86)
	at org.testng.TestNG.runSuitesSequentially(TestNG.java:1224)
	at org.testng.TestNG.runSuitesLocally(TestNG.java:1149)
	at org.testng.TestNG.run(TestNG.java:1057)
	at com.cengage.mtx.automation.BasicSmoke.tests.Henley_Basic_Smoke_TestRunner.Test(Henley_Basic_Smoke_TestRunner.java:25)
	at sun.reflect.NativeMethodAccessorImpl.invoke0(Native Method)
	at sun.reflect.NativeMethodAccessorImpl.invoke(NativeMethodAccessorImpl.java:39)
	at sun.reflect.DelegatingMethodAccessorImpl.invoke(DelegatingMethodAccessorImpl.java:25)
	at java.lang.reflect.Method.invoke(Method.java:597)
	at org.testng.internal.MethodInvocationHelper.invokeMethod(MethodInvocationHelper.java:84)
	at org.testng.internal.Invoker.invokeMethod(Invoker.java:714)
	at org.testng.internal.Invoker.invokeTestMethod(Invoker.java:901)
	at org.testng.internal.Invoker.invokeTestMethods(Invoker.java:1231)
	at org.testng.internal.TestMethodWorker.invokeTestMethods(TestMethodWorker.java:127)
	at org.testng.internal.TestMethodWorker.run(TestMethodWorker.java:111)
	at org.testng.TestRunner.privateRun(TestRunner.java:767)
	at org.testng.TestRunner.run(TestRunner.java:617)
	at org.testng.SuiteRunner.runTest(SuiteRunner.java:334)
	at org.testng.SuiteRunner.runSequentially(SuiteRunner.java:329)
	at org.testng.SuiteRunner.privateRun(SuiteRunner.java:291)
	at org.testng.SuiteRunner.run(SuiteRunner.java:240)
	at org.testng.SuiteRunnerWorker.runSuite(SuiteRunnerWorker.java:52)
	at org.testng.SuiteRunnerWorker.run(SuiteRunnerWorker.java:86)
	at org.testng.TestNG.runSuitesSequentially(TestNG.java:1224)
	at org.testng.TestNG.runSuitesLocally(TestNG.java:1149)
	at org.testng.TestNG.run(TestNG.java:1057)
	at org.apache.maven.surefire.testng.TestNGExecutor.run(TestNGExecutor.java:91)
	at org.apache.maven.surefire.testng.TestNGDirectoryTestSuite.executeSingleClass(TestNGDirectoryTestSuite.java:128)
	at org.apache.maven.surefire.testng.TestNGDirectoryTestSuite.execute(TestNGDirectoryTestSuite.java:112)
	at org.apache.maven.surefire.testng.TestNGProvider.invoke(TestNGProvider.java:113)
	at org.apache.maven.surefire.booter.ForkedBooter.invokeProviderInSameClassLoader(ForkedBooter.java:200)
	at org.apache.maven.surefire.booter.ForkedBooter.runSuitesInProcess(ForkedBooter.java:153)
	at org.apache.maven.surefire.booter.ForkedBooter.main(ForkedBooter.java:103)
Caused by: org.openqa.selenium.NoSuchElementException: Unable to locate element: {&quot;method&quot;:&quot;xpath&quot;,&quot;selector&quot;:&quot;//div[contains(@class,&apos;dash-middle&apos;)]//ul[contains(@class,&apos;assignments &apos;)]//label[contains(text(),&apos;null&apos;)]/parent::div/parent::li/i[@class=&apos;statusIcon completed&apos;]&quot;}
Command duration or timeout: 60.04 seconds
For documentation on this error, please visit: http://seleniumhq.org/exceptions/no_such_element.html
Build info: version: &apos;2.36.0&apos;, revision: &apos;9b50f805d0a53506a5ee6a55be8669f106d8d34e&apos;, time: &apos;2013-10-17 11:09:21&apos;
System info: host: &apos;DLLB0015&apos;, ip: &apos;172.16.2.218&apos;, os.name: &apos;Windows 7&apos;, os.arch: &apos;x86&apos;, os.version: &apos;6.1&apos;, java.version: &apos;1.6.0_43&apos;
Session ID: 6f710cc7-9d11-464e-84bc-1f4acd3d092d
Driver info: org.openqa.selenium.firefox.FirefoxDriver
Capabilities [{platform=XP, acceptSslCerts=true, javascriptEnabled=true, browserName=firefox, rotatable=false, locationContextEnabled=true, version=26.0, cssSelectorsEnabled=true, databaseEnabled=true, handlesAlerts=true, browserConnectionEnabled=true, nativeEvents=true, webStorageEnabled=true, applicationCacheEnabled=true, takesScreenshot=true}]
	at sun.reflect.NativeConstructorAccessorImpl.newInstance0(Native Method)
	at sun.reflect.NativeConstructorAccessorImpl.newInstance(NativeConstructorAccessorImpl.java:39)
	at sun.reflect.DelegatingConstructorAccessorImpl.newInstance(DelegatingConstructorAccessorImpl.java:27)
	at java.lang.reflect.Constructor.newInstance(Constructor.java:513)
	at org.openqa.selenium.remote.ErrorHandler.createThrowable(ErrorHandler.java:193)
	at org.openqa.selenium.remote.ErrorHandler.throwIfResponseFailed(ErrorHandler.java:145)
	at org.openqa.selenium.remote.RemoteWebDriver.execute(RemoteWebDriver.java:554)
	at org.openqa.selenium.remote.RemoteWebDriver.findElement(RemoteWebDriver.java:307)
	at org.openqa.selenium.remote.RemoteWebDriver.findElementByXPath(RemoteWebDriver.java:404)
	at org.openqa.selenium.By$ByXPath.findElement(By.java:363)
	at org.openqa.selenium.remote.RemoteWebDriver.findElement(RemoteWebDriver.java:299)
	at org.openqa.selenium.support.ui.ExpectedConditions.findElement(ExpectedConditions.java:579)
	at org.openqa.selenium.support.ui.ExpectedConditions.access$000(ExpectedConditions.java:39)
	at org.openqa.selenium.support.ui.ExpectedConditions$4.apply(ExpectedConditions.java:130)
	at org.openqa.selenium.support.ui.ExpectedConditions$4.apply(ExpectedConditions.java:126)
	at org.openqa.selenium.support.ui.FluentWait.until(FluentWait.java:208)
	... 55 more
Caused by: org.openqa.selenium.remote.ErrorHandler$UnknownServerException: Unable to locate element: {&quot;method&quot;:&quot;xpath&quot;,&quot;selector&quot;:&quot;//div[contains(@class,&apos;dash-middle&apos;)]//ul[contains(@class,&apos;assignments &apos;)]//label[contains(text(),&apos;null&apos;)]/parent::div/parent::li/i[@class=&apos;statusIcon completed&apos;]&quot;}
Build info: version: &apos;2.36.0&apos;, revision: &apos;9b50f805d0a53506a5ee6a55be8669f106d8d34e&apos;, time: &apos;2013-10-17 11:09:21&apos;
System info: host: &apos;DLLB0015&apos;, ip: &apos;172.16.2.218&apos;, os.name: &apos;Windows 7&apos;, os.arch: &apos;x86&apos;, os.version: &apos;6.1&apos;, java.version: &apos;1.6.0_43&apos;
Driver info: driver.version: unknown
	at &lt;anonymous class&gt;.FirefoxDriver.prototype.findElementInternal_(file:///C:/Users/SHIVAM~1/AppData/Local/Temp/anonymous2278455543000723990webdriver-profile/extensions/fxdriver@googlecode.com/components/driver_component.js:8882)
	at &lt;anonymous class&gt;.fxdriver.Timer.prototype.setTimeout/&lt;.notify(file:///C:/Users/SHIVAM~1/AppData/Local/Temp/anonymous2278455543000723990webdriver-profile/extensions/fxdriver@googlecode.com/components/driver_component.js:396)
</pre></div></td>
<td>120</td>
<td>com.cengage.mtx.automation.BasicSmoke.tests.Basic_Chemistry_SmokeTest@1ccce3c</td></tr>
</table><p>
<table width='100%' border='1' class='invocation-passed'>
<tr><td colspan='4' align='center'><b>PASSED TESTS</b></td></tr>
<tr><td><b>Test method</b></td>
<td width="30%"><b>Exception</b></td>
<td width="10%"><b>Time (seconds)</b></td>
<td><b>Instance</b></td>
</tr>
<tr>
<td title='com.cengage.mtx.automation.BasicSmoke.tests.Basic_Chemistry_SmokeTest.Tc001_loginToTheSSOFrontDoor()'><b>Tc001_loginToTheSSOFrontDoor</b><br>Test class: com.cengage.mtx.automation.BasicSmoke.tests.Basic_Chemistry_SmokeTest</td>
<td></td>
<td>10</td>
<td>com.cengage.mtx.automation.BasicSmoke.tests.Basic_Chemistry_SmokeTest@1ccce3c</td></tr>
<tr>
<td title='com.cengage.mtx.automation.BasicSmoke.tests.Basic_Chemistry_SmokeTest.Tc002_performOperationsOnHomePage()'><b>Tc002_performOperationsOnHomePage</b><br>Test class: com.cengage.mtx.automation.BasicSmoke.tests.Basic_Chemistry_SmokeTest</td>
<td></td>
<td>28</td>
<td>com.cengage.mtx.automation.BasicSmoke.tests.Basic_Chemistry_SmokeTest@1ccce3c</td></tr>
<tr>
<td title='com.cengage.mtx.automation.BasicSmoke.tests.Basic_Chemistry_SmokeTest.Tc003_ActionsOnWeekWidgetView()'><b>Tc003_ActionsOnWeekWidgetView</b><br>Test class: com.cengage.mtx.automation.BasicSmoke.tests.Basic_Chemistry_SmokeTest</td>
<td></td>
<td>13</td>
<td>com.cengage.mtx.automation.BasicSmoke.tests.Basic_Chemistry_SmokeTest@1ccce3c</td></tr>
<tr>
<td title='com.cengage.mtx.automation.BasicSmoke.tests.Basic_Chemistry_SmokeTest.Tc004_verifyAllAppsButtonDisplays()'><b>Tc004_verifyAllAppsButtonDisplays</b><br>Test class: com.cengage.mtx.automation.BasicSmoke.tests.Basic_Chemistry_SmokeTest</td>
<td></td>
<td>3</td>
<td>com.cengage.mtx.automation.BasicSmoke.tests.Basic_Chemistry_SmokeTest@1ccce3c</td></tr>
<tr>
<td title='com.cengage.mtx.automation.BasicSmoke.tests.Basic_Chemistry_SmokeTest.Tc005_clickOnAppsAndVerifyAllOpen()'><b>Tc005_clickOnAppsAndVerifyAllOpen</b><br>Test class: com.cengage.mtx.automation.BasicSmoke.tests.Basic_Chemistry_SmokeTest</td>
<td></td>
<td>33</td>
<td>com.cengage.mtx.automation.BasicSmoke.tests.Basic_Chemistry_SmokeTest@1ccce3c</td></tr>
<tr>
<td title='com.cengage.mtx.automation.BasicSmoke.tests.Basic_Chemistry_SmokeTest.Tc006_verifyNumberOfWeekEqualswithWeekavailableinWeekSlider()'><b>Tc006_verifyNumberOfWeekEqualswithWeekavailableinWeekSlider</b><br>Test class: com.cengage.mtx.automation.BasicSmoke.tests.Basic_Chemistry_SmokeTest</td>
<td></td>
<td>0</td>
<td>com.cengage.mtx.automation.BasicSmoke.tests.Basic_Chemistry_SmokeTest@1ccce3c</td></tr>
<tr>
<td title='com.cengage.mtx.automation.BasicSmoke.tests.Basic_Chemistry_SmokeTest.Tc010_OpenIntroductionandQuickPrepActivity()'><b>Tc010_OpenIntroductionandQuickPrepActivity</b><br>Test class: com.cengage.mtx.automation.BasicSmoke.tests.Basic_Chemistry_SmokeTest</td>
<td></td>
<td>2</td>
<td>com.cengage.mtx.automation.BasicSmoke.tests.Basic_Chemistry_SmokeTest@1ccce3c</td></tr>
<tr>
<td title='com.cengage.mtx.automation.BasicSmoke.tests.Basic_Chemistry_SmokeTest.Tc011_verifyStartActiviyandSubmit()'><b>Tc011_verifyStartActiviyandSubmit</b><br>Test class: com.cengage.mtx.automation.BasicSmoke.tests.Basic_Chemistry_SmokeTest</td>
<td></td>
<td>69</td>
<td>com.cengage.mtx.automation.BasicSmoke.tests.Basic_Chemistry_SmokeTest@1ccce3c</td></tr>
<tr>
<td title='com.cengage.mtx.automation.BasicSmoke.tests.Basic_Chemistry_SmokeTest.Tc012_verifyIntroductionandQuickPrepActivityStatusAsCompleted()'><b>Tc012_verifyIntroductionandQuickPrepActivityStatusAsCompleted</b><br>Test class: com.cengage.mtx.automation.BasicSmoke.tests.Basic_Chemistry_SmokeTest</td>
<td></td>
<td>7</td>
<td>com.cengage.mtx.automation.BasicSmoke.tests.Basic_Chemistry_SmokeTest@1ccce3c</td></tr>
<tr>
<td title='com.cengage.mtx.automation.BasicSmoke.tests.Basic_Chemistry_SmokeTest.Tc013_AttemptingMasteryActivity()'><b>Tc013_AttemptingMasteryActivity</b><br>Test class: com.cengage.mtx.automation.BasicSmoke.tests.Basic_Chemistry_SmokeTest</td>
<td></td>
<td>1</td>
<td>com.cengage.mtx.automation.BasicSmoke.tests.Basic_Chemistry_SmokeTest@1ccce3c</td></tr>
<tr>
<td title='com.cengage.mtx.automation.BasicSmoke.tests.Basic_Chemistry_SmokeTest.Tc014_startAndSubmitMasteryActivity()'><b>Tc014_startAndSubmitMasteryActivity</b><br>Test class: com.cengage.mtx.automation.BasicSmoke.tests.Basic_Chemistry_SmokeTest</td>
<td></td>
<td>71</td>
<td>com.cengage.mtx.automation.BasicSmoke.tests.Basic_Chemistry_SmokeTest@1ccce3c</td></tr>
<tr>
<td title='com.cengage.mtx.automation.BasicSmoke.tests.Basic_Chemistry_SmokeTest.Tc015_verifyStatusdisplayAsCompletedForMasteryActivity()'><b>Tc015_verifyStatusdisplayAsCompletedForMasteryActivity</b><br>Test class: com.cengage.mtx.automation.BasicSmoke.tests.Basic_Chemistry_SmokeTest</td>
<td></td>
<td>6</td>
<td>com.cengage.mtx.automation.BasicSmoke.tests.Basic_Chemistry_SmokeTest@1ccce3c</td></tr>
<tr>
<td title='com.cengage.mtx.automation.BasicSmoke.tests.Basic_Chemistry_SmokeTest.Tc016_AttemptingReviewandChallengeActivity()'><b>Tc016_AttemptingReviewandChallengeActivity</b><br>Test class: com.cengage.mtx.automation.BasicSmoke.tests.Basic_Chemistry_SmokeTest</td>
<td></td>
<td>1</td>
<td>com.cengage.mtx.automation.BasicSmoke.tests.Basic_Chemistry_SmokeTest@1ccce3c</td></tr>
<tr>
<td title='com.cengage.mtx.automation.BasicSmoke.tests.Basic_Chemistry_SmokeTest.Tc017_startAndSubmitReviewandChallengeActivity()'><b>Tc017_startAndSubmitReviewandChallengeActivity</b><br>Test class: com.cengage.mtx.automation.BasicSmoke.tests.Basic_Chemistry_SmokeTest</td>
<td></td>
<td>11</td>
<td>com.cengage.mtx.automation.BasicSmoke.tests.Basic_Chemistry_SmokeTest@1ccce3c</td></tr>
<tr>
<td title='com.cengage.mtx.automation.BasicSmoke.tests.Basic_Chemistry_SmokeTest.Tc018_verifyStatusdisplayAsCompletedForReviewandChallengeActivity()'><b>Tc018_verifyStatusdisplayAsCompletedForReviewandChallengeActivity</b><br>Test class: com.cengage.mtx.automation.BasicSmoke.tests.Basic_Chemistry_SmokeTest</td>
<td></td>
<td>7</td>
<td>com.cengage.mtx.automation.BasicSmoke.tests.Basic_Chemistry_SmokeTest@1ccce3c</td></tr>
<tr>
<td title='com.cengage.mtx.automation.BasicSmoke.tests.Basic_Chemistry_SmokeTest.Tc019_AttemptingStudyGuide()'><b>Tc019_AttemptingStudyGuide</b><br>Test class: com.cengage.mtx.automation.BasicSmoke.tests.Basic_Chemistry_SmokeTest</td>
<td></td>
<td>0</td>
<td>com.cengage.mtx.automation.BasicSmoke.tests.Basic_Chemistry_SmokeTest@1ccce3c</td></tr>
<tr>
<td title='com.cengage.mtx.automation.BasicSmoke.tests.Basic_Chemistry_SmokeTest.Tc020_startAndSubmitStudyGuide()'><b>Tc020_startAndSubmitStudyGuide</b><br>Test class: com.cengage.mtx.automation.BasicSmoke.tests.Basic_Chemistry_SmokeTest</td>
<td></td>
<td>0</td>
<td>com.cengage.mtx.automation.BasicSmoke.tests.Basic_Chemistry_SmokeTest@1ccce3c</td></tr>
<tr>
<td title='com.cengage.mtx.automation.BasicSmoke.tests.Basic_Chemistry_SmokeTest.Tc021_logOutFromApplication()'><b>Tc021_logOutFromApplication</b><br>Test class: com.cengage.mtx.automation.BasicSmoke.tests.Basic_Chemistry_SmokeTest</td>
<td></td>
<td>2</td>
<td>com.cengage.mtx.automation.BasicSmoke.tests.Basic_Chemistry_SmokeTest@1ccce3c</td></tr>
</table><p>
</body>
</html>